Release 14.7 - xst P.20131013 (nt64)
Copyright (c) 1995-2013 Xilinx, Inc.  All rights reserved.
--> Parameter TMPDIR set to xst/projnav.tmp


Total REAL time to Xst completion: 0.00 secs
Total CPU time to Xst completion: 0.23 secs
 
--> Parameter xsthdpdir set to xst


Total REAL time to Xst completion: 0.00 secs
Total CPU time to Xst completion: 0.23 secs
 
--> Reading design: ControlUnit.prj

TABLE OF CONTENTS
  1) Synthesis Options Summary
  2) HDL Parsing
  3) HDL Elaboration
  4) HDL Synthesis
       4.1) HDL Synthesis Report
  5) Advanced HDL Synthesis
       5.1) Advanced HDL Synthesis Report
  6) Low Level Synthesis
  7) Partition Report
  8) Design Summary
       8.1) Primitive and Black Box Usage
       8.2) Device utilization summary
       8.3) Partition Resource Summary
       8.4) Timing Report
            8.4.1) Clock Information
            8.4.2) Asynchronous Control Signals Information
            8.4.3) Timing Summary
            8.4.4) Timing Details
            8.4.5) Cross Clock Domains Report


=========================================================================
*                      Synthesis Options Summary                        *
=========================================================================
---- Source Parameters
Input File Name                    : "ControlUnit.prj"
Ignore Synthesis Constraint File   : NO

---- Target Parameters
Output File Name                   : "ControlUnit"
Output Format                      : NGC
Target Device                      : xc7a100t-3-csg324

---- Source Options
Top Module Name                    : ControlUnit
Automatic FSM Extraction           : YES
FSM Encoding Algorithm             : Auto
Safe Implementation                : No
FSM Style                          : LUT
RAM Extraction                     : Yes
RAM Style                          : Auto
ROM Extraction                     : Yes
Shift Register Extraction          : YES
ROM Style                          : Auto
Resource Sharing                   : YES
Asynchronous To Synchronous        : NO
Shift Register Minimum Size        : 2
Use DSP Block                      : Auto
Automatic Register Balancing       : No

---- Target Options
LUT Combining                      : Auto
Reduce Control Sets                : Auto
Add IO Buffers                     : YES
Global Maximum Fanout              : 100000
Add Generic Clock Buffer(BUFG)     : 32
Register Duplication               : YES
Optimize Instantiated Primitives   : NO
Use Clock Enable                   : Auto
Use Synchronous Set                : Auto
Use Synchronous Reset              : Auto
Pack IO Registers into IOBs        : Auto
Equivalent register Removal        : YES

---- General Options
Optimization Goal                  : Speed
Optimization Effort                : 1
Power Reduction                    : NO
Keep Hierarchy                     : No
Netlist Hierarchy                  : As_Optimized
RTL Output                         : Yes
Global Optimization                : AllClockNets
Read Cores                         : YES
Write Timing Constraints           : NO
Cross Clock Analysis               : NO
Hierarchy Separator                : /
Bus Delimiter                      : <>
Case Specifier                     : Maintain
Slice Utilization Ratio            : 100
BRAM Utilization Ratio             : 100
DSP48 Utilization Ratio            : 100
Auto BRAM Packing                  : NO
Slice Utilization Ratio Delta      : 5

=========================================================================


=========================================================================
*                          HDL Parsing                                  *
=========================================================================
Analyzing Verilog file "C:\Users\ipchi\Desktop\SmartHomeSystem\PassCheckUnit.v" into library work
Parsing module <PassCheckUnit>.
Analyzing Verilog file "C:\Users\ipchi\Desktop\SmartHomeSystem\ControlUnit.v" into library work
Parsing module <ControlUnit>.

=========================================================================
*                            HDL Elaboration                            *
=========================================================================

Elaborating module <ControlUnit>.

Elaborating module <PassCheckUnit>.

=========================================================================
*                           HDL Synthesis                               *
=========================================================================

Synthesizing Unit <ControlUnit>.
    Related source file is "C:\Users\ipchi\Desktop\SmartHomeSystem\ControlUnit.v".
        STATE_IDLE = 3'b001
        STATE_ACTIVE = 3'b010
        STATE_REQUEST = 3'b011
        STATE_STORE = 3'b100
        STATE_TRAP = 3'b101
        STATE_OTHERS = 3'b111
    Found 1-bit register for signal <write_en>.
    Found 35-bit register for signal <configout>.
    Found 3-bit register for signal <dbg_state>.
    Found finite state machine <FSM_0> for signal <dbg_state>.
    -----------------------------------------------------------------------
    | States             | 6                                              |
    | Transitions        | 15                                             |
    | Inputs             | 4                                              |
    | Outputs            | 3                                              |
    | Clock              | clk (rising_edge)                              |
    | Reset              | arst (negative)                                |
    | Reset type         | asynchronous                                   |
    | Reset State        | 001                                            |
    | Encoding           | auto                                           |
    | Implementation     | LUT                                            |
    -----------------------------------------------------------------------
    Summary:
	inferred  36 D-type flip-flop(s).
	inferred   1 Multiplexer(s).
	inferred   1 Finite State Machine(s).
Unit <ControlUnit> synthesized.

Synthesizing Unit <PassCheckUnit>.
    Related source file is "C:\Users\ipchi\Desktop\SmartHomeSystem\PassCheckUnit.v".
    Found 1-bit comparator equal for signal <pass[0]_key[0]_equal_1_o> created at line 27
    Found 1-bit comparator equal for signal <pass[1]_key[1]_equal_2_o> created at line 27
    Summary:
	inferred   2 Comparator(s).
Unit <PassCheckUnit> synthesized.

=========================================================================
HDL Synthesis Report

Macro Statistics
# Registers                                            : 2
 1-bit register                                        : 1
 35-bit register                                       : 1
# Comparators                                          : 2
 1-bit comparator equal                                : 2
# Multiplexers                                         : 1
 1-bit 2-to-1 multiplexer                              : 1
# FSMs                                                 : 1

=========================================================================

=========================================================================
*                       Advanced HDL Synthesis                          *
=========================================================================


=========================================================================
Advanced HDL Synthesis Report

Macro Statistics
# Registers                                            : 36
 Flip-Flops                                            : 36
# Comparators                                          : 2
 1-bit comparator equal                                : 2
# FSMs                                                 : 1

=========================================================================

=========================================================================
*                         Low Level Synthesis                           *
=========================================================================
Analyzing FSM <MFsm> for best encoding.
Optimizing FSM <FSM_0> on signal <dbg_state[1:3]> with user encoding.
-------------------
 State | Encoding
-------------------
 001   | 001
 010   | 010
 111   | 111
 101   | 101
 011   | 011
 100   | 100
-------------------

Optimizing unit <ControlUnit> ...

Mapping all equations...
Building and optimizing final netlist ...
Found area constraint ratio of 100 (+ 5) on block ControlUnit, actual ratio is 0.

Final Macro Processing ...

=========================================================================
Final Register Report

Macro Statistics
# Registers                                            : 39
 Flip-Flops                                            : 39

=========================================================================

=========================================================================
*                           Partition Report                            *
=========================================================================

Partition Implementation Status
-------------------------------

  No Partitions were found in this design.

-------------------------------

=========================================================================
*                            Design Summary                             *
=========================================================================

Top Level Output File Name         : ControlUnit.ngc

Primitive and Black Box Usage:
------------------------------
# BELS                             : 9
#      INV                         : 1
#      LUT4                        : 1
#      LUT5                        : 1
#      LUT6                        : 6
# FlipFlops/Latches                : 39
#      FDC                         : 3
#      FDCE                        : 35
#      FDP                         : 1
# Clock Buffers                    : 1
#      BUFGP                       : 1
# IO Buffers                       : 81
#      IBUF                        : 42
#      OBUF                        : 39

Device utilization summary:
---------------------------

Selected Device : 7a100tcsg324-3 


Slice Logic Utilization: 
 Number of Slice Registers:              39  out of  126800     0%  
 Number of Slice LUTs:                    9  out of  63400     0%  
    Number used as Logic:                 9  out of  63400     0%  

Slice Logic Distribution: 
 Number of LUT Flip Flop pairs used:     43
   Number with an unused Flip Flop:       4  out of     43     9%  
   Number with an unused LUT:            34  out of     43    79%  
   Number of fully used LUT-FF pairs:     5  out of     43    11%  
   Number of unique control sets:         2

IO Utilization: 
 Number of IOs:                          82
 Number of bonded IOBs:                  82  out of    210    39%  

Specific Feature Utilization:
 Number of BUFG/BUFGCTRLs:                1  out of     32     3%  

---------------------------
Partition Resource Summary:
---------------------------

  No Partitions were found in this design.

---------------------------


=========================================================================
Timing Report

NOTE: THESE TIMING NUMBERS ARE ONLY A SYNTHESIS ESTIMATE.
      FOR ACCURATE TIMING INFORMATION PLEASE REFER TO THE TRACE REPORT
      GENERATED AFTER PLACE-and-ROUTE.

Clock Information:
------------------
-----------------------------------+------------------------+-------+
Clock Signal                       | Clock buffer(FF name)  | Load  |
-----------------------------------+------------------------+-------+
clk                                | BUFGP                  | 39    |
-----------------------------------+------------------------+-------+

Asynchronous Control Signals Information:
----------------------------------------
No asynchronous control signals found in this design

Timing Summary:
---------------
Speed Grade: -3

   Minimum period: 1.474ns (Maximum Frequency: 678.457MHz)
   Minimum input arrival time before clock: 1.467ns
   Maximum output required time after clock: 0.663ns
   Maximum combinational path delay: No path found

Timing Details:
---------------
All values displayed in nanoseconds (ns)

=========================================================================
Timing constraint: Default period analysis for Clock 'clk'
  Clock period: 1.474ns (frequency: 678.457MHz)
  Total number of paths / destination ports: 119 / 39
-------------------------------------------------------------------------
Delay:               1.474ns (Levels of Logic = 1)
  Source:            dbg_state_FSM_FFd1 (FF)
  Destination:       configout_0 (FF)
  Source Clock:      clk rising
  Destination Clock: clk rising

  Data Path: dbg_state_FSM_FFd1 to configout_0
                                Gate     Net
    Cell:in->out      fanout   Delay   Delay  Logical Name (Net Name)
    ----------------------------------------  ------------
     FDC:C->Q              6   0.361   0.534  dbg_state_FSM_FFd1 (dbg_state_FSM_FFd1)
     LUT5:I2->O           35   0.097   0.387  _n0084_inv1 (_n0084_inv)
     FDCE:CE                   0.095          configout_0
    ----------------------------------------
    Total                      1.474ns (0.553ns logic, 0.921ns route)
                                       (37.5% logic, 62.5% route)

=========================================================================
Timing constraint: Default OFFSET IN BEFORE for Clock 'clk'
  Total number of paths / destination ports: 170 / 113
-------------------------------------------------------------------------
Offset:              1.467ns (Levels of Logic = 3)
  Source:            password<1> (PAD)
  Destination:       dbg_state_FSM_FFd2 (FF)
  Destination Clock: clk rising

  Data Path: password<1> to dbg_state_FSM_FFd2
                                Gate     Net
    Cell:in->out      fanout   Delay   Delay  Logical Name (Net Name)
    ----------------------------------------  ------------
     IBUF:I->O             3   0.001   0.566  password_1_IBUF (password_1_IBUF)
     LUT4:I0->O            2   0.097   0.697  P/equal1 (write)
     LUT6:I0->O            1   0.097   0.000  dbg_state_FSM_FFd2-In1 (dbg_state_FSM_FFd2-In)
     FDC:D                     0.008          dbg_state_FSM_FFd2
    ----------------------------------------
    Total                      1.467ns (0.203ns logic, 1.264ns route)
                                       (13.8% logic, 86.2% route)

=========================================================================
Timing constraint: Default OFFSET OUT AFTER for Clock 'clk'
  Total number of paths / destination ports: 39 / 39
-------------------------------------------------------------------------
Offset:              0.663ns (Levels of Logic = 1)
  Source:            dbg_state_FSM_FFd1 (FF)
  Destination:       dbg_state<2> (PAD)
  Source Clock:      clk rising

  Data Path: dbg_state_FSM_FFd1 to dbg_state<2>
                                Gate     Net
    Cell:in->out      fanout   Delay   Delay  Logical Name (Net Name)
    ----------------------------------------  ------------
     FDC:C->Q              6   0.361   0.302  dbg_state_FSM_FFd1 (dbg_state_FSM_FFd1)
     OBUF:I->O                 0.000          dbg_state_2_OBUF (dbg_state<2>)
    ----------------------------------------
    Total                      0.663ns (0.361ns logic, 0.302ns route)
                                       (54.4% logic, 45.6% route)

=========================================================================

Cross Clock Domains Report:
--------------------------

Clock to Setup on destination clock clk
---------------+---------+---------+---------+---------+
               | Src:Rise| Src:Fall| Src:Rise| Src:Fall|
Source Clock   |Dest:Rise|Dest:Rise|Dest:Fall|Dest:Fall|
---------------+---------+---------+---------+---------+
clk            |    1.474|         |         |         |
---------------+---------+---------+---------+---------+

=========================================================================


Total REAL time to Xst completion: 11.00 secs
Total CPU time to Xst completion: 10.93 secs
 
--> 

Total memory usage is 4617848 kilobytes

Number of errors   :    0 (   0 filtered)
Number of warnings :    0 (   0 filtered)
Number of infos    :    0 (   0 filtered)

