Release 14.7 - xst P.20131013 (nt64)
Copyright (c) 1995-2013 Xilinx, Inc.  All rights reserved.
--> Parameter TMPDIR set to xst/projnav.tmp


Total REAL time to Xst completion: 0.00 secs
Total CPU time to Xst completion: 0.10 secs
 
--> Parameter xsthdpdir set to xst


Total REAL time to Xst completion: 0.00 secs
Total CPU time to Xst completion: 0.10 secs
 
--> Reading design: FanSpeed.prj

TABLE OF CONTENTS
  1) Synthesis Options Summary
  2) HDL Parsing
  3) HDL Elaboration
  4) HDL Synthesis
       4.1) HDL Synthesis Report
  5) Advanced HDL Synthesis
       5.1) Advanced HDL Synthesis Report
  6) Low Level Synthesis
  7) Partition Report
  8) Design Summary
       8.1) Primitive and Black Box Usage
       8.2) Device utilization summary
       8.3) Partition Resource Summary
       8.4) Timing Report
            8.4.1) Clock Information
            8.4.2) Asynchronous Control Signals Information
            8.4.3) Timing Summary
            8.4.4) Timing Details
            8.4.5) Cross Clock Domains Report


=========================================================================
*                      Synthesis Options Summary                        *
=========================================================================
---- Source Parameters
Input File Name                    : "FanSpeed.prj"
Ignore Synthesis Constraint File   : NO

---- Target Parameters
Output File Name                   : "FanSpeed"
Output Format                      : NGC
Target Device                      : xc7a100t-3-csg324

---- Source Options
Top Module Name                    : FanSpeed
Automatic FSM Extraction           : YES
FSM Encoding Algorithm             : Auto
Safe Implementation                : No
FSM Style                          : LUT
RAM Extraction                     : Yes
RAM Style                          : Auto
ROM Extraction                     : Yes
Shift Register Extraction          : YES
ROM Style                          : Auto
Resource Sharing                   : YES
Asynchronous To Synchronous        : NO
Shift Register Minimum Size        : 2
Use DSP Block                      : Auto
Automatic Register Balancing       : No

---- Target Options
LUT Combining                      : Auto
Reduce Control Sets                : Auto
Add IO Buffers                     : YES
Global Maximum Fanout              : 100000
Add Generic Clock Buffer(BUFG)     : 32
Register Duplication               : YES
Optimize Instantiated Primitives   : NO
Use Clock Enable                   : Auto
Use Synchronous Set                : Auto
Use Synchronous Reset              : Auto
Pack IO Registers into IOBs        : Auto
Equivalent register Removal        : YES

---- General Options
Optimization Goal                  : Speed
Optimization Effort                : 1
Power Reduction                    : NO
Keep Hierarchy                     : No
Netlist Hierarchy                  : As_Optimized
RTL Output                         : Yes
Global Optimization                : AllClockNets
Read Cores                         : YES
Write Timing Constraints           : NO
Cross Clock Analysis               : NO
Hierarchy Separator                : /
Bus Delimiter                      : <>
Case Specifier                     : Maintain
Slice Utilization Ratio            : 100
BRAM Utilization Ratio             : 100
DSP48 Utilization Ratio            : 100
Auto BRAM Packing                  : NO
Slice Utilization Ratio Delta      : 5

=========================================================================


=========================================================================
*                          HDL Parsing                                  *
=========================================================================
Analyzing Verilog file "E:\Xilinx\Projects\SmartHomeSystem\FanSpeed.v" into library work
Parsing module <FanSpeed>.

=========================================================================
*                            HDL Elaboration                            *
=========================================================================

Elaborating module <FanSpeed>.
WARNING:HDLCompiler:413 - "E:\Xilinx\Projects\SmartHomeSystem\FanSpeed.v" Line 41: Result of 9-bit expression is truncated to fit in 8-bit target.

=========================================================================
*                           HDL Synthesis                               *
=========================================================================

Synthesizing Unit <FanSpeed>.
    Related source file is "E:\Xilinx\Projects\SmartHomeSystem\FanSpeed.v".
    Found 8-bit register for signal <it>.
    Found 1-bit register for signal <pwm_data>.
    Found 8-bit adder for signal <it[7]_GND_1_o_add_1_OUT> created at line 41.
    Found 8-bit comparator greater for signal <it[7]_speed[7]_LessThan_1_o> created at line 38
    Summary:
	inferred   1 Adder/Subtractor(s).
	inferred   9 D-type flip-flop(s).
	inferred   1 Comparator(s).
	inferred   1 Multiplexer(s).
Unit <FanSpeed> synthesized.

=========================================================================
HDL Synthesis Report

Macro Statistics
# Adders/Subtractors                                   : 1
 8-bit adder                                           : 1
# Registers                                            : 2
 1-bit register                                        : 1
 8-bit register                                        : 1
# Comparators                                          : 1
 8-bit comparator greater                              : 1
# Multiplexers                                         : 1
 8-bit 2-to-1 multiplexer                              : 1

=========================================================================

=========================================================================
*                       Advanced HDL Synthesis                          *
=========================================================================


=========================================================================
Advanced HDL Synthesis Report

Macro Statistics
# Adders/Subtractors                                   : 1
 8-bit adder                                           : 1
# Registers                                            : 9
 Flip-Flops                                            : 9
# Comparators                                          : 1
 8-bit comparator greater                              : 1
# Multiplexers                                         : 1
 8-bit 2-to-1 multiplexer                              : 1

=========================================================================

=========================================================================
*                         Low Level Synthesis                           *
=========================================================================

Optimizing unit <FanSpeed> ...

Mapping all equations...
Building and optimizing final netlist ...
Found area constraint ratio of 100 (+ 5) on block FanSpeed, actual ratio is 0.

Final Macro Processing ...

=========================================================================
Final Register Report

Macro Statistics
# Registers                                            : 9
 Flip-Flops                                            : 9

=========================================================================

=========================================================================
*                           Partition Report                            *
=========================================================================

Partition Implementation Status
-------------------------------

  No Partitions were found in this design.

-------------------------------

=========================================================================
*                            Design Summary                             *
=========================================================================

Top Level Output File Name         : FanSpeed.ngc

Primitive and Black Box Usage:
------------------------------
# BELS                             : 23
#      INV                         : 1
#      LUT3                        : 3
#      LUT4                        : 5
#      LUT5                        : 1
#      LUT6                        : 11
#      MUXF7                       : 2
# FlipFlops/Latches                : 9
#      FDC                         : 8
#      FDE                         : 1
# Clock Buffers                    : 1
#      BUFGP                       : 1
# IO Buffers                       : 10
#      IBUF                        : 9
#      OBUF                        : 1

Device utilization summary:
---------------------------

Selected Device : 7a100tcsg324-3 


Slice Logic Utilization: 
 Number of Slice Registers:               9  out of  126800     0%  
 Number of Slice LUTs:                   21  out of  63400     0%  
    Number used as Logic:                21  out of  63400     0%  

Slice Logic Distribution: 
 Number of LUT Flip Flop pairs used:     21
   Number with an unused Flip Flop:      12  out of     21    57%  
   Number with an unused LUT:             0  out of     21     0%  
   Number of fully used LUT-FF pairs:     9  out of     21    42%  
   Number of unique control sets:         2

IO Utilization: 
 Number of IOs:                          11
 Number of bonded IOBs:                  11  out of    210     5%  

Specific Feature Utilization:
 Number of BUFG/BUFGCTRLs:                1  out of     32     3%  

---------------------------
Partition Resource Summary:
---------------------------

  No Partitions were found in this design.

---------------------------


=========================================================================
Timing Report

NOTE: THESE TIMING NUMBERS ARE ONLY A SYNTHESIS ESTIMATE.
      FOR ACCURATE TIMING INFORMATION PLEASE REFER TO THE TRACE REPORT
      GENERATED AFTER PLACE-and-ROUTE.

Clock Information:
------------------
-----------------------------------+------------------------+-------+
Clock Signal                       | Clock buffer(FF name)  | Load  |
-----------------------------------+------------------------+-------+
clk                                | BUFGP                  | 9     |
-----------------------------------+------------------------+-------+

Asynchronous Control Signals Information:
----------------------------------------
No asynchronous control signals found in this design

Timing Summary:
---------------
Speed Grade: -3

   Minimum period: 1.825ns (Maximum Frequency: 548.095MHz)
   Minimum input arrival time before clock: 1.588ns
   Maximum output required time after clock: 0.640ns
   Maximum combinational path delay: No path found

Timing Details:
---------------
All values displayed in nanoseconds (ns)

=========================================================================
Timing constraint: Default period analysis for Clock 'clk'
  Clock period: 1.825ns (frequency: 548.095MHz)
  Total number of paths / destination ports: 112 / 9
-------------------------------------------------------------------------
Delay:               1.825ns (Levels of Logic = 3)
  Source:            it_3 (FF)
  Destination:       it_2 (FF)
  Source Clock:      clk rising
  Destination Clock: clk rising

  Data Path: it_3 to it_2
                                Gate     Net
    Cell:in->out      fanout   Delay   Delay  Logical Name (Net Name)
    ----------------------------------------  ------------
     FDC:C->Q              7   0.361   0.584  it_3 (it_3)
     LUT4:I0->O            5   0.097   0.398  Madd_it[7]_GND_1_o_add_1_OUT_cy<3>11 (Madd_it[7]_GND_1_o_add_1_OUT_cy<3>)
     LUT6:I4->O            1   0.097   0.000  Mmux_it[7]_GND_1_o_mux_3_OUT31_G (N17)
     MUXF7:I1->O           1   0.279   0.000  Mmux_it[7]_GND_1_o_mux_3_OUT31 (it[7]_GND_1_o_mux_3_OUT<2>)
     FDC:D                     0.008          it_2
    ----------------------------------------
    Total                      1.825ns (0.842ns logic, 0.983ns route)
                                       (46.1% logic, 53.9% route)

=========================================================================
Timing constraint: Default OFFSET IN BEFORE for Clock 'clk'
  Total number of paths / destination ports: 20 / 10
-------------------------------------------------------------------------
Offset:              1.588ns (Levels of Logic = 4)
  Source:            speed<4> (PAD)
  Destination:       pwm_data (FF)
  Destination Clock: clk rising

  Data Path: speed<4> to pwm_data
                                Gate     Net
    Cell:in->out      fanout   Delay   Delay  Logical Name (Net Name)
    ----------------------------------------  ------------
     IBUF:I->O             2   0.001   0.697  speed_4_IBUF (speed_4_IBUF)
     LUT6:I0->O            1   0.097   0.295  it[7]_speed[7]_LessThan_1_o22 (it[7]_speed[7]_LessThan_1_o21)
     LUT6:I5->O            1   0.097   0.295  it[7]_speed[7]_LessThan_1_o24 (it[7]_speed[7]_LessThan_1_o23)
     LUT4:I3->O            1   0.097   0.000  it[7]_speed[7]_LessThan_1_o25 (it[7]_speed[7]_LessThan_1_o)
     FDE:D                     0.008          pwm_data
    ----------------------------------------
    Total                      1.588ns (0.300ns logic, 1.288ns route)
                                       (18.9% logic, 81.1% route)

=========================================================================
Timing constraint: Default OFFSET OUT AFTER for Clock 'clk'
  Total number of paths / destination ports: 1 / 1
-------------------------------------------------------------------------
Offset:              0.640ns (Levels of Logic = 1)
  Source:            pwm_data (FF)
  Destination:       pwm_data (PAD)
  Source Clock:      clk rising

  Data Path: pwm_data to pwm_data
                                Gate     Net
    Cell:in->out      fanout   Delay   Delay  Logical Name (Net Name)
    ----------------------------------------  ------------
     FDE:C->Q              1   0.361   0.279  pwm_data (pwm_data_OBUF)
     OBUF:I->O                 0.000          pwm_data_OBUF (pwm_data)
    ----------------------------------------
    Total                      0.640ns (0.361ns logic, 0.279ns route)
                                       (56.4% logic, 43.6% route)

=========================================================================

Cross Clock Domains Report:
--------------------------

Clock to Setup on destination clock clk
---------------+---------+---------+---------+---------+
               | Src:Rise| Src:Fall| Src:Rise| Src:Fall|
Source Clock   |Dest:Rise|Dest:Rise|Dest:Fall|Dest:Fall|
---------------+---------+---------+---------+---------+
clk            |    1.825|         |         |         |
---------------+---------+---------+---------+---------+

=========================================================================


Total REAL time to Xst completion: 7.00 secs
Total CPU time to Xst completion: 7.63 secs
 
--> 

Total memory usage is 4616756 kilobytes

Number of errors   :    0 (   0 filtered)
Number of warnings :    1 (   0 filtered)
Number of infos    :    0 (   0 filtered)

