Running: E:\Xilinx\14.7\ISE_DS\ISE\bin\nt64\unwrapped\fuse.exe -intstyle ise -incremental -lib unisims_ver -lib unimacro_ver -lib xilinxcorelib_ver -lib secureip -o C:/Users/ipchi/Desktop/SmartHomeSystem/tb_ControlUnit_isim_beh.exe -prj C:/Users/ipchi/Desktop/SmartHomeSystem/tb_ControlUnit_beh.prj work.tb_ControlUnit work.glbl 
ISim P.20131013 (signature 0x7708f090)
Number of CPUs detected in this system: 8
Turning on mult-threading, number of parallel sub-compilation jobs: 16 
Determining compilation order of HDL files
Analyzing Verilog file "C:/Users/ipchi/Desktop/SmartHomeSystem/PassCheckUnit.v" into library work
Analyzing Verilog file "C:/Users/ipchi/Desktop/SmartHomeSystem/ControlUnit.v" into library work
Analyzing Verilog file "C:/Users/ipchi/Desktop/SmartHomeSystem/tb_ControlUnit.v" into library work
Analyzing Verilog file "E:/Xilinx/14.7/ISE_DS/ISE//verilog/src/glbl.v" into library work
Starting static elaboration
Completed static elaboration
Compiling module PassCheckUnit
Compiling module ControlUnit
Compiling module tb_ControlUnit
Compiling module glbl
Time Resolution for simulation is 1ps.
Waiting for 1 sub-compilation(s) to finish...
Compiled 4 Verilog Units
Built simulation executable C:/Users/ipchi/Desktop/SmartHomeSystem/tb_ControlUnit_isim_beh.exe
Fuse Memory Usage: 28188 KB
Fuse CPU Usage: 375 ms
