Release 14.7 - xst P.20131013 (nt64)
Copyright (c) 1995-2013 Xilinx, Inc.  All rights reserved.
--> Parameter TMPDIR set to xst/projnav.tmp


Total REAL time to Xst completion: 0.00 secs
Total CPU time to Xst completion: 0.08 secs
 
--> Parameter xsthdpdir set to xst


Total REAL time to Xst completion: 0.00 secs
Total CPU time to Xst completion: 0.08 secs
 
--> Reading design: LightingSystem.prj

TABLE OF CONTENTS
  1) Synthesis Options Summary
  2) HDL Parsing
  3) HDL Elaboration
  4) HDL Synthesis
       4.1) HDL Synthesis Report
  5) Advanced HDL Synthesis
       5.1) Advanced HDL Synthesis Report
  6) Low Level Synthesis
  7) Partition Report
  8) Design Summary
       8.1) Primitive and Black Box Usage
       8.2) Device utilization summary
       8.3) Partition Resource Summary
       8.4) Timing Report
            8.4.1) Clock Information
            8.4.2) Asynchronous Control Signals Information
            8.4.3) Timing Summary
            8.4.4) Timing Details
            8.4.5) Cross Clock Domains Report


=========================================================================
*                      Synthesis Options Summary                        *
=========================================================================
---- Source Parameters
Input File Name                    : "LightingSystem.prj"
Ignore Synthesis Constraint File   : NO

---- Target Parameters
Output File Name                   : "LightingSystem"
Output Format                      : NGC
Target Device                      : xc7a100t-3-csg324

---- Source Options
Top Module Name                    : LightingSystem
Automatic FSM Extraction           : YES
FSM Encoding Algorithm             : Auto
Safe Implementation                : No
FSM Style                          : LUT
RAM Extraction                     : Yes
RAM Style                          : Auto
ROM Extraction                     : Yes
Shift Register Extraction          : YES
ROM Style                          : Auto
Resource Sharing                   : YES
Asynchronous To Synchronous        : NO
Shift Register Minimum Size        : 2
Use DSP Block                      : Auto
Automatic Register Balancing       : No

---- Target Options
LUT Combining                      : Auto
Reduce Control Sets                : Auto
Add IO Buffers                     : YES
Global Maximum Fanout              : 100000
Add Generic Clock Buffer(BUFG)     : 32
Register Duplication               : YES
Optimize Instantiated Primitives   : NO
Use Clock Enable                   : Auto
Use Synchronous Set                : Auto
Use Synchronous Reset              : Auto
Pack IO Registers into IOBs        : Auto
Equivalent register Removal        : YES

---- General Options
Optimization Goal                  : Speed
Optimization Effort                : 1
Power Reduction                    : NO
Keep Hierarchy                     : No
Netlist Hierarchy                  : As_Optimized
RTL Output                         : Yes
Global Optimization                : AllClockNets
Read Cores                         : YES
Write Timing Constraints           : NO
Cross Clock Analysis               : NO
Hierarchy Separator                : /
Bus Delimiter                      : <>
Case Specifier                     : Maintain
Slice Utilization Ratio            : 100
BRAM Utilization Ratio             : 100
DSP48 Utilization Ratio            : 100
Auto BRAM Packing                  : NO
Slice Utilization Ratio Delta      : 5

=========================================================================


=========================================================================
*                          HDL Parsing                                  *
=========================================================================
Analyzing Verilog file "F:\SmartHomeSystem\WindowShadeDegree.v" into library work
Parsing module <WindowShadeDegree>.
Analyzing Verilog file "F:\SmartHomeSystem\LampState.v" into library work
Parsing module <LampState>.
Analyzing Verilog file "F:\SmartHomeSystem\ActiveLamps.v" into library work
Parsing module <ActiveLamps>.
Analyzing Verilog file "F:\SmartHomeSystem\LightingSystem.v" into library work
Parsing module <LightingSystem>.

=========================================================================
*                            HDL Elaboration                            *
=========================================================================

Elaborating module <LightingSystem>.

Elaborating module <ActiveLamps>.
WARNING:HDLCompiler:91 - "F:\SmartHomeSystem\ActiveLamps.v" Line 38: Signal <lenght> missing in the sensitivity list is added for synthesis purposes. HDL and post-synthesis simulations may differ as a result.
WARNING:HDLCompiler:91 - "F:\SmartHomeSystem\ActiveLamps.v" Line 41: Signal <ulight> missing in the sensitivity list is added for synthesis purposes. HDL and post-synthesis simulations may differ as a result.

Elaborating module <LampState>.

Elaborating module <WindowShadeDegree>.
WARNING:HDLCompiler:91 - "F:\SmartHomeSystem\WindowShadeDegree.v" Line 38: Signal <ulight> missing in the sensitivity list is added for synthesis purposes. HDL and post-synthesis simulations may differ as a result.

=========================================================================
*                           HDL Synthesis                               *
=========================================================================

Synthesizing Unit <LightingSystem>.
    Related source file is "F:\SmartHomeSystem\LightingSystem.v".
    Summary:
	no macro.
Unit <LightingSystem> synthesized.

Synthesizing Unit <ActiveLamps>.
    Related source file is "F:\SmartHomeSystem\ActiveLamps.v".
WARNING:Xst:647 - Input <lenght<1:0>> is never used. This port will be preserved and left unconnected if it belongs to a top-level block or it belongs to a sub-block and the hierarchy of this sub-block is preserved.
WARNING:Xst:737 - Found 1-bit latch for signal <active_lights<2>>. Latches may be generated from incomplete case or if statements. We do not recommend the use of latches in FPGA/CPLD designs, as they may lead to timing problems.
WARNING:Xst:737 - Found 1-bit latch for signal <active_lights<1>>. Latches may be generated from incomplete case or if statements. We do not recommend the use of latches in FPGA/CPLD designs, as they may lead to timing problems.
WARNING:Xst:737 - Found 1-bit latch for signal <active_lights<0>>. Latches may be generated from incomplete case or if statements. We do not recommend the use of latches in FPGA/CPLD designs, as they may lead to timing problems.
WARNING:Xst:737 - Found 1-bit latch for signal <active_lights<3>>. Latches may be generated from incomplete case or if statements. We do not recommend the use of latches in FPGA/CPLD designs, as they may lead to timing problems.
    Summary:
	inferred   4 Latch(s).
Unit <ActiveLamps> synthesized.

Synthesizing Unit <LampState>.
    Related source file is "F:\SmartHomeSystem\LampState.v".
    Summary:
	no macro.
Unit <LampState> synthesized.

Synthesizing Unit <WindowShadeDegree>.
    Related source file is "F:\SmartHomeSystem\WindowShadeDegree.v".
WARNING:Xst:737 - Found 1-bit latch for signal <wshade<2>>. Latches may be generated from incomplete case or if statements. We do not recommend the use of latches in FPGA/CPLD designs, as they may lead to timing problems.
WARNING:Xst:737 - Found 1-bit latch for signal <wshade<1>>. Latches may be generated from incomplete case or if statements. We do not recommend the use of latches in FPGA/CPLD designs, as they may lead to timing problems.
WARNING:Xst:737 - Found 1-bit latch for signal <wshade<0>>. Latches may be generated from incomplete case or if statements. We do not recommend the use of latches in FPGA/CPLD designs, as they may lead to timing problems.
WARNING:Xst:737 - Found 1-bit latch for signal <wshade<3>>. Latches may be generated from incomplete case or if statements. We do not recommend the use of latches in FPGA/CPLD designs, as they may lead to timing problems.
    Summary:
	inferred   4 Latch(s).
Unit <WindowShadeDegree> synthesized.

=========================================================================
HDL Synthesis Report

Macro Statistics
# Latches                                              : 8
 1-bit latch                                           : 8

=========================================================================

=========================================================================
*                       Advanced HDL Synthesis                          *
=========================================================================


=========================================================================
Advanced HDL Synthesis Report

Found no macro
=========================================================================

=========================================================================
*                         Low Level Synthesis                           *
=========================================================================

Optimizing unit <LightingSystem> ...

Optimizing unit <ActiveLamps> ...

Optimizing unit <WindowShadeDegree> ...

Mapping all equations...
Building and optimizing final netlist ...
Found area constraint ratio of 100 (+ 5) on block LightingSystem, actual ratio is 0.
Latch A/active_lights_3 has been replicated 2 time(s) to handle iob=true attribute.
Latch A/active_lights_2 has been replicated 1 time(s) to handle iob=true attribute.
Latch A/active_lights_1 has been replicated 1 time(s) to handle iob=true attribute.
Latch A/active_lights_0 has been replicated 1 time(s) to handle iob=true attribute.

Final Macro Processing ...

=========================================================================
Final Register Report

Found no macro
=========================================================================

=========================================================================
*                           Partition Report                            *
=========================================================================

Partition Implementation Status
-------------------------------

  No Partitions were found in this design.

-------------------------------

=========================================================================
*                            Design Summary                             *
=========================================================================

Top Level Output File Name         : LightingSystem.ngc

Primitive and Black Box Usage:
------------------------------
# BELS                             : 24
#      GND                         : 1
#      LUT2                        : 2
#      LUT3                        : 4
#      LUT4                        : 9
#      LUT5                        : 6
#      LUT6                        : 2
# FlipFlops/Latches                : 13
#      LD                          : 13
# IO Buffers                       : 34
#      IBUF                        : 10
#      OBUF                        : 24

Device utilization summary:
---------------------------

Selected Device : 7a100tcsg324-3 


Slice Logic Utilization: 
 Number of Slice Registers:               4  out of  126800     0%  
 Number of Slice LUTs:                   23  out of  63400     0%  
    Number used as Logic:                23  out of  63400     0%  

Slice Logic Distribution: 
 Number of LUT Flip Flop pairs used:     23
   Number with an unused Flip Flop:      19  out of     23    82%  
   Number with an unused LUT:             0  out of     23     0%  
   Number of fully used LUT-FF pairs:     4  out of     23    17%  
   Number of unique control sets:         1

IO Utilization: 
 Number of IOs:                          36
 Number of bonded IOBs:                  34  out of    210    16%  
    IOB Flip Flops/Latches:               9

Specific Feature Utilization:

---------------------------
Partition Resource Summary:
---------------------------

  No Partitions were found in this design.

---------------------------


=========================================================================
Timing Report

NOTE: THESE TIMING NUMBERS ARE ONLY A SYNTHESIS ESTIMATE.
      FOR ACCURATE TIMING INFORMATION PLEASE REFER TO THE TRACE REPORT
      GENERATED AFTER PLACE-and-ROUTE.

Clock Information:
------------------
-----------------------------------+---------------------------+-------+
Clock Signal                       | Clock buffer(FF name)     | Load  |
-----------------------------------+---------------------------+-------+
A/_n0021(A/out1:O)                 | NONE(*)(A/active_lights_0)| 13    |
-----------------------------------+---------------------------+-------+
(*) This 1 clock signal(s) are generated by combinatorial logic,
and XST is not able to identify which are the primary clock signals.
Please use the CLOCK_SIGNAL constraint to specify the clock signal(s) generated by combinatorial logic.
INFO:Xst:2169 - HDL ADVISOR - Some clock signals were not automatically buffered by XST with BUFG/BUFR resources. Please use the buffer_type constraint in order to insert these buffers to the clock signals to help prevent skew problems.

Asynchronous Control Signals Information:
----------------------------------------
No asynchronous control signals found in this design

Timing Summary:
---------------
Speed Grade: -3

   Minimum period: No path found
   Minimum input arrival time before clock: 0.828ns
   Maximum output required time after clock: 1.464ns
   Maximum combinational path delay: No path found

Timing Details:
---------------
All values displayed in nanoseconds (ns)

=========================================================================
Timing constraint: Default OFFSET IN BEFORE for Clock 'A/_n0021'
  Total number of paths / destination ports: 69 / 13
-------------------------------------------------------------------------
Offset:              0.828ns (Levels of Logic = 2)
  Source:            tcode<0> (PAD)
  Destination:       A/active_lights_0 (LATCH)
  Destination Clock: A/_n0021 falling

  Data Path: tcode<0> to A/active_lights_0
                                Gate     Net
    Cell:in->out      fanout   Delay   Delay  Logical Name (Net Name)
    ----------------------------------------  ------------
     IBUF:I->O             9   0.001   0.730  tcode_0_IBUF (tcode_0_IBUF)
     LUT6:I0->O            2   0.097   0.000  A/tcode[3]_GND_2_o_Select_13_o<2>1 (A/tcode[3]_GND_2_o_Select_13_o)
     LD:D                     -0.028          A/active_lights_0
    ----------------------------------------
    Total                      0.828ns (0.098ns logic, 0.730ns route)
                                       (11.8% logic, 88.2% route)

=========================================================================
Timing constraint: Default OFFSET OUT AFTER for Clock 'A/_n0021'
  Total number of paths / destination ports: 57 / 23
-------------------------------------------------------------------------
Offset:              1.464ns (Levels of Logic = 2)
  Source:            A/active_lights_3 (LATCH)
  Destination:       lightstate<14> (PAD)
  Source Clock:      A/_n0021 falling

  Data Path: A/active_lights_3 to lightstate<14>
                                Gate     Net
    Cell:in->out      fanout   Delay   Delay  Logical Name (Net Name)
    ----------------------------------------  ------------
     LD:G->Q              14   0.472   0.616  A/active_lights_3 (A/active_lights_3)
     LUT4:I0->O            1   0.097   0.279  L/lights_state<8>1 (lightstate_8_OBUF)
     OBUF:I->O                 0.000          lightstate_8_OBUF (lightstate<8>)
    ----------------------------------------
    Total                      1.464ns (0.569ns logic, 0.895ns route)
                                       (38.9% logic, 61.1% route)

=========================================================================

Cross Clock Domains Report:
--------------------------

=========================================================================


Total REAL time to Xst completion: 7.00 secs
Total CPU time to Xst completion: 6.97 secs
 
--> 

Total memory usage is 4684772 kilobytes

Number of errors   :    0 (   0 filtered)
Number of warnings :   12 (   0 filtered)
Number of infos    :    1 (   0 filtered)

