Release 14.7 - xst P.20131013 (nt64)
Copyright (c) 1995-2013 Xilinx, Inc.  All rights reserved.
--> Parameter TMPDIR set to xst/projnav.tmp


Total REAL time to Xst completion: 0.00 secs
Total CPU time to Xst completion: 0.13 secs
 
--> Parameter xsthdpdir set to xst


Total REAL time to Xst completion: 0.00 secs
Total CPU time to Xst completion: 0.13 secs
 
--> Reading design: Circuit.prj

TABLE OF CONTENTS
  1) Synthesis Options Summary
  2) HDL Parsing
  3) HDL Elaboration
  4) HDL Synthesis
       4.1) HDL Synthesis Report
  5) Advanced HDL Synthesis
       5.1) Advanced HDL Synthesis Report
  6) Low Level Synthesis
  7) Partition Report
  8) Design Summary
       8.1) Primitive and Black Box Usage
       8.2) Device utilization summary
       8.3) Partition Resource Summary
       8.4) Timing Report
            8.4.1) Clock Information
            8.4.2) Asynchronous Control Signals Information
            8.4.3) Timing Summary
            8.4.4) Timing Details
            8.4.5) Cross Clock Domains Report


=========================================================================
*                      Synthesis Options Summary                        *
=========================================================================
---- Source Parameters
Input File Name                    : "Circuit.prj"
Ignore Synthesis Constraint File   : NO

---- Target Parameters
Output File Name                   : "Circuit"
Output Format                      : NGC
Target Device                      : xc7a100t-3-csg324

---- Source Options
Top Module Name                    : Circuit
Automatic FSM Extraction           : YES
FSM Encoding Algorithm             : Auto
Safe Implementation                : No
FSM Style                          : LUT
RAM Extraction                     : Yes
RAM Style                          : Auto
ROM Extraction                     : Yes
Shift Register Extraction          : YES
ROM Style                          : Auto
Resource Sharing                   : YES
Asynchronous To Synchronous        : NO
Shift Register Minimum Size        : 2
Use DSP Block                      : Auto
Automatic Register Balancing       : No

---- Target Options
LUT Combining                      : Auto
Reduce Control Sets                : Auto
Add IO Buffers                     : YES
Global Maximum Fanout              : 100000
Add Generic Clock Buffer(BUFG)     : 32
Register Duplication               : YES
Optimize Instantiated Primitives   : NO
Use Clock Enable                   : Auto
Use Synchronous Set                : Auto
Use Synchronous Reset              : Auto
Pack IO Registers into IOBs        : Auto
Equivalent register Removal        : YES

---- General Options
Optimization Goal                  : Speed
Optimization Effort                : 1
Power Reduction                    : NO
Keep Hierarchy                     : No
Netlist Hierarchy                  : As_Optimized
RTL Output                         : Yes
Global Optimization                : AllClockNets
Read Cores                         : YES
Write Timing Constraints           : NO
Cross Clock Analysis               : NO
Hierarchy Separator                : /
Bus Delimiter                      : <>
Case Specifier                     : Maintain
Slice Utilization Ratio            : 100
BRAM Utilization Ratio             : 100
DSP48 Utilization Ratio            : 100
Auto BRAM Packing                  : NO
Slice Utilization Ratio Delta      : 5

=========================================================================


=========================================================================
*                          HDL Parsing                                  *
=========================================================================
Analyzing Verilog file "E:\ISE\Projects\LC_Lab_9\D_FlipFlop.v" into library work
Parsing module <D_FlipFlop>.
Analyzing Verilog file "E:\ISE\Projects\LC_Lab_9\Circuit.v" into library work
Parsing module <Circuit>.

=========================================================================
*                            HDL Elaboration                            *
=========================================================================

Elaborating module <Circuit>.

Elaborating module <D_FlipFlop>.

=========================================================================
*                           HDL Synthesis                               *
=========================================================================

Synthesizing Unit <Circuit>.
    Related source file is "E:\ISE\Projects\LC_Lab_9\Circuit.v".
    Summary:
	no macro.
Unit <Circuit> synthesized.

Synthesizing Unit <D_FlipFlop>.
    Related source file is "E:\ISE\Projects\LC_Lab_9\D_FlipFlop.v".
    Found 1-bit register for signal <Q>.
    Found 1-bit register for signal <Q_bar>.
    Summary:
	inferred   2 D-type flip-flop(s).
Unit <D_FlipFlop> synthesized.

=========================================================================
HDL Synthesis Report

Macro Statistics
# Registers                                            : 4
 1-bit register                                        : 4

=========================================================================

=========================================================================
*                       Advanced HDL Synthesis                          *
=========================================================================


=========================================================================
Advanced HDL Synthesis Report

Macro Statistics
# Registers                                            : 4
 Flip-Flops                                            : 4

=========================================================================

=========================================================================
*                         Low Level Synthesis                           *
=========================================================================

Optimizing unit <Circuit> ...

Mapping all equations...
Building and optimizing final netlist ...
Found area constraint ratio of 100 (+ 5) on block Circuit, actual ratio is 0.

Final Macro Processing ...

=========================================================================
Final Register Report

Macro Statistics
# Registers                                            : 4
 Flip-Flops                                            : 4

=========================================================================

=========================================================================
*                           Partition Report                            *
=========================================================================

Partition Implementation Status
-------------------------------

  No Partitions were found in this design.

-------------------------------

=========================================================================
*                            Design Summary                             *
=========================================================================

Top Level Output File Name         : Circuit.ngc

Primitive and Black Box Usage:
------------------------------
# BELS                             : 6
#      INV                         : 1
#      LUT3                        : 3
#      LUT4                        : 2
# FlipFlops/Latches                : 4
#      FDC_1                       : 2
#      FDE_1                       : 2
# Clock Buffers                    : 1
#      BUFGP                       : 1
# IO Buffers                       : 6
#      IBUF                        : 3
#      OBUF                        : 3

Device utilization summary:
---------------------------

Selected Device : 7a100tcsg324-3 


Slice Logic Utilization: 
 Number of Slice Registers:               4  out of  126800     0%  
 Number of Slice LUTs:                    6  out of  63400     0%  
    Number used as Logic:                 6  out of  63400     0%  

Slice Logic Distribution: 
 Number of LUT Flip Flop pairs used:     10
   Number with an unused Flip Flop:       6  out of     10    60%  
   Number with an unused LUT:             4  out of     10    40%  
   Number of fully used LUT-FF pairs:     0  out of     10     0%  
   Number of unique control sets:         2

IO Utilization: 
 Number of IOs:                           7
 Number of bonded IOBs:                   7  out of    210     3%  

Specific Feature Utilization:
 Number of BUFG/BUFGCTRLs:                1  out of     32     3%  

---------------------------
Partition Resource Summary:
---------------------------

  No Partitions were found in this design.

---------------------------


=========================================================================
Timing Report

NOTE: THESE TIMING NUMBERS ARE ONLY A SYNTHESIS ESTIMATE.
      FOR ACCURATE TIMING INFORMATION PLEASE REFER TO THE TRACE REPORT
      GENERATED AFTER PLACE-and-ROUTE.

Clock Information:
------------------
-----------------------------------+------------------------+-------+
Clock Signal                       | Clock buffer(FF name)  | Load  |
-----------------------------------+------------------------+-------+
clock                              | BUFGP                  | 4     |
-----------------------------------+------------------------+-------+

Asynchronous Control Signals Information:
----------------------------------------
No asynchronous control signals found in this design

Timing Summary:
---------------
Speed Grade: -3

   Minimum period: 0.858ns (Maximum Frequency: 1165.365MHz)
   Minimum input arrival time before clock: 0.782ns
   Maximum output required time after clock: 1.138ns
   Maximum combinational path delay: 0.907ns

Timing Details:
---------------
All values displayed in nanoseconds (ns)

=========================================================================
Timing constraint: Default period analysis for Clock 'clock'
  Clock period: 0.858ns (frequency: 1165.365MHz)
  Total number of paths / destination ports: 6 / 4
-------------------------------------------------------------------------
Delay:               0.858ns (Levels of Logic = 1)
  Source:            dff_1/Q_bar (FF)
  Destination:       dff_2/Q_bar (FF)
  Source Clock:      clock falling
  Destination Clock: clock falling

  Data Path: dff_1/Q_bar to dff_2/Q_bar
                                Gate     Net
    Cell:in->out      fanout   Delay   Delay  Logical Name (Net Name)
    ----------------------------------------  ------------
     FDE_1:C->Q            3   0.364   0.389  dff_1/Q_bar (dff_1/Q_bar)
     LUT4:I2->O            1   0.097   0.000  orA_S_Q1_bar_OR_2_o1 (orA_S_Q1_bar_OR_2_o)
     FDE_1:D                   0.008          dff_2/Q_bar
    ----------------------------------------
    Total                      0.858ns (0.469ns logic, 0.389ns route)
                                       (54.7% logic, 45.3% route)

=========================================================================
Timing constraint: Default OFFSET IN BEFORE for Clock 'clock'
  Total number of paths / destination ports: 12 / 8
-------------------------------------------------------------------------
Offset:              0.782ns (Levels of Logic = 2)
  Source:            reset (PAD)
  Destination:       dff_2/Q_bar (FF)
  Destination Clock: clock falling

  Data Path: reset to dff_2/Q_bar
                                Gate     Net
    Cell:in->out      fanout   Delay   Delay  Logical Name (Net Name)
    ----------------------------------------  ------------
     IBUF:I->O             3   0.001   0.289  reset_IBUF (reset_IBUF)
     INV:I->O              2   0.113   0.283  dff_1/reset_inv1_INV_0 (dff_1/reset_inv)
     FDE_1:CE                  0.095          dff_1/Q_bar
    ----------------------------------------
    Total                      0.782ns (0.209ns logic, 0.573ns route)
                                       (26.7% logic, 73.3% route)

=========================================================================
Timing constraint: Default OFFSET OUT AFTER for Clock 'clock'
  Total number of paths / destination ports: 4 / 3
-------------------------------------------------------------------------
Offset:              1.138ns (Levels of Logic = 2)
  Source:            dff_2/Q_bar (FF)
  Destination:       z (PAD)
  Source Clock:      clock falling

  Data Path: dff_2/Q_bar to z
                                Gate     Net
    Cell:in->out      fanout   Delay   Delay  Logical Name (Net Name)
    ----------------------------------------  ------------
     FDE_1:C->Q            5   0.364   0.398  dff_2/Q_bar (dff_2/Q_bar)
     LUT3:I1->O            1   0.097   0.279  z1 (z_OBUF)
     OBUF:I->O                 0.000          z_OBUF (z)
    ----------------------------------------
    Total                      1.138ns (0.461ns logic, 0.677ns route)
                                       (40.5% logic, 59.5% route)

=========================================================================
Timing constraint: Default path analysis
  Total number of paths / destination ports: 1 / 1
-------------------------------------------------------------------------
Delay:               0.907ns (Levels of Logic = 3)
  Source:            B (PAD)
  Destination:       z (PAD)

  Data Path: B to z
                                Gate     Net
    Cell:in->out      fanout   Delay   Delay  Logical Name (Net Name)
    ----------------------------------------  ------------
     IBUF:I->O             5   0.001   0.530  B_IBUF (B_IBUF)
     LUT3:I0->O            1   0.097   0.279  z1 (z_OBUF)
     OBUF:I->O                 0.000          z_OBUF (z)
    ----------------------------------------
    Total                      0.907ns (0.098ns logic, 0.809ns route)
                                       (10.8% logic, 89.2% route)

=========================================================================

Cross Clock Domains Report:
--------------------------

Clock to Setup on destination clock clock
---------------+---------+---------+---------+---------+
               | Src:Rise| Src:Fall| Src:Rise| Src:Fall|
Source Clock   |Dest:Rise|Dest:Rise|Dest:Fall|Dest:Fall|
---------------+---------+---------+---------+---------+
clock          |         |         |    0.858|         |
---------------+---------+---------+---------+---------+

=========================================================================


Total REAL time to Xst completion: 8.00 secs
Total CPU time to Xst completion: 8.07 secs
 
--> 

Total memory usage is 4626128 kilobytes

Number of errors   :    0 (   0 filtered)
Number of warnings :    0 (   0 filtered)
Number of infos    :    0 (   0 filtered)

