Running: E:\ISE\14.7\ISE_DS\ISE\bin\nt64\unwrapped\fuse.exe -intstyle ise -incremental -lib unisims_ver -lib unimacro_ver -lib xilinxcorelib_ver -lib secureip -o E:/ISE/Projects/comparator/tb_comparatpr_8bit_isim_beh.exe -prj E:/ISE/Projects/comparator/tb_comparatpr_8bit_beh.prj work.tb_comparatpr_8bit work.glbl 
ISim P.20131013 (signature 0x7708f090)
Number of CPUs detected in this system: 8
Turning on mult-threading, number of parallel sub-compilation jobs: 16 
Determining compilation order of HDL files
Analyzing Verilog file "E:/ISE/Projects/comparator/comparator_3bits.v" into library work
Analyzing Verilog file "E:/ISE/Projects/comparator/comparator_8bits.v" into library work
Analyzing Verilog file "E:/ISE/Projects/comparator/tb_comparatpr_8bit.v" into library work
Analyzing Verilog file "E:/ISE/14.7/ISE_DS/ISE//verilog/src/glbl.v" into library work
Starting static elaboration
Completed static elaboration
Compiling module comparator_3bits
Compiling module comparator_8bits
Compiling module tb_comparatpr_8bit
Compiling module glbl
Time Resolution for simulation is 1ps.
Waiting for 1 sub-compilation(s) to finish...
Compiled 4 Verilog Units
Built simulation executable E:/ISE/Projects/comparator/tb_comparatpr_8bit_isim_beh.exe
Fuse Memory Usage: 28980 KB
Fuse CPU Usage: 343 ms
